2026-05-16 18:39:01,975 - INFO - Starting build for TravelMate_v1.0.0...
2026-05-16 18:39:01,975 - INFO - Detected linux OS. Attempting cross-platform build via Docker (Wine)...
2026-05-16 18:39:01,976 - INFO - Running command: docker run --rm -v /home/sinister/ESOFT/artificial-intelligence/CW2/TravelMate:/src cdrx/pyinstaller-windows pyinstaller --onefile --windowed --name TravelMate_v1.0.0 --clean --add-data intents.json;. --add-data nltk_data;nltk_data main.py
2026-05-16 18:39:01,991 - ERROR - Compilation failed with exit code 1
2026-05-16 18:39:01,991 - ERROR - Check build.log and PyInstaller output for details.
2026-05-16 18:39:40,099 - INFO - Starting build for TravelMate_v1.0.0...
2026-05-16 18:39:40,112 - INFO - Detected linux OS. Attempting cross-platform build via Docker (Wine)...
2026-05-16 18:39:40,112 - INFO - Running command: docker run --rm -v /home/sinister/ESOFT/artificial-intelligence/CW2/TravelMate:/src cdrx/pyinstaller-windows pyinstaller --onefile --windowed --name TravelMate_v1.0.0 --clean --add-data intents.json;. --add-data nltk_data;nltk_data main.py
2026-05-16 18:39:40,125 - ERROR - Compilation failed with exit code 1
2026-05-16 18:39:40,126 - ERROR - Check build.log and PyInstaller output for details.
2026-05-16 18:44:03,059 - INFO - Starting build for TravelMate_v1.0.0 (Target: linux)...
2026-05-16 18:44:03,060 - INFO - Building for local OS (linux)...
2026-05-16 18:45:05,934 - INFO - Integrity check passed: dist/TravelMate_v1.0.0
2026-05-16 18:45:05,934 - INFO - SHA256: c94a84beea2280089c54c26ff01918bcaf51dd6106f27b6f8be727121761dfd9
2026-05-16 18:45:05,934 - INFO - Build successful! Executable located at: dist/TravelMate_v1.0.0
2026-05-16 19:00:24,951 - INFO - Starting build for TravelMate_v1.0.0 (Target: linux)...
2026-05-16 19:00:24,951 - INFO - Building for local OS (linux)...
2026-05-16 19:02:39,877 - INFO - Integrity check passed: dist/TravelMate_v1.0.0
2026-05-16 19:02:39,880 - INFO - SHA256: 5234af3bf48414194d984db1f04317b1cf8c71f1857939643c8faf920bf8f5b6
2026-05-16 19:02:39,880 - INFO - Build successful! Executable located at: dist/TravelMate_v1.0.0
2026-05-16 19:15:33,016 - INFO - Starting build for TravelMate_v1.0.0.exe (Target: windows)...
2026-05-16 19:15:33,372 - ERROR - Cannot build for Windows: Docker daemon is not running or Docker is not installed.
2026-05-16 19:15:33,372 - INFO - Falling back to local OS build for verification...
2026-05-16 19:15:33,373 - INFO - Starting build for TravelMate_v1.0.0 (Target: linux)...
2026-05-16 19:15:33,373 - INFO - Building for local OS (linux)...
2026-05-16 19:16:31,177 - INFO - Integrity check passed: dist/TravelMate_v1.0.0
2026-05-16 19:16:31,178 - INFO - SHA256: 1403c87d3f4762abc2d3a6f83a5d9d3fb9e2ec467e4f98f3adebeb056c193edb
2026-05-16 19:16:31,178 - INFO - Build successful! Executable located at: dist/TravelMate_v1.0.0
2026-05-16 19:16:31,178 - INFO - Renamed dist/TravelMate_v1.0.0 to dist/TravelMate_v1.0.0.exe for Windows compatibility testing.
2026-05-16 19:24:55,199 - INFO - Starting build for TravelMate_v1.0.0.exe (Target: windows)...
2026-05-16 19:24:55,246 - ERROR - Cannot build for Windows: Docker daemon is not running or Docker is not installed.
2026-05-16 19:24:55,246 - INFO - Falling back to local OS build for verification...
2026-05-16 19:24:55,246 - INFO - Starting build for TravelMate_v1.0.0 (Target: linux)...
2026-05-16 19:24:55,246 - INFO - Building for local OS (linux)...
2026-05-16 19:26:29,435 - INFO - Integrity check passed: dist/TravelMate_v1.0.0
2026-05-16 19:26:29,439 - INFO - SHA256: c7613ffc2fda9a458412379e7a9a419ebffa3456af7e42ff6155e91e3a5edf18
2026-05-16 19:26:29,439 - INFO - Build successful! Executable located at: dist/TravelMate_v1.0.0
2026-05-16 19:26:29,439 - INFO - Renamed dist/TravelMate_v1.0.0 to dist/TravelMate_v1.0.0.exe for Windows compatibility testing.
2026-05-16 19:44:29,003 - INFO - Starting build for TravelMate_v1.0.0.exe (Target: windows, Mode: onefile)...
2026-05-16 19:44:29,358 - ERROR - Cannot build for Windows: Docker daemon is not running or Docker is not installed.
2026-05-16 19:44:29,358 - INFO - Falling back to local OS build for verification...
2026-05-16 19:44:29,358 - INFO - Starting build for TravelMate_v1.0.0 (Target: linux, Mode: onefile)...
2026-05-16 19:44:29,358 - INFO - Building for local OS (linux)...
2026-05-16 19:44:33,490 - INFO - Starting build for TravelMate_v1.0.0.exe (Target: windows, Mode: onefile)...
2026-05-16 19:44:33,524 - ERROR - Cannot build for Windows: Docker daemon is not running or Docker is not installed.
2026-05-16 19:44:33,524 - INFO - Falling back to local OS build for verification...
2026-05-16 19:44:33,524 - INFO - Starting build for TravelMate_v1.0.0 (Target: linux, Mode: onefile)...
2026-05-16 19:44:33,524 - INFO - Building for local OS (linux)...
2026-05-16 19:45:00,483 - INFO - Starting build for TravelMate_v1.0.0 (Target: linux, Mode: onefile)...
2026-05-16 19:45:00,484 - INFO - Building for local OS (linux)...
2026-05-16 19:45:49,340 - INFO - Integrity check passed: dist/TravelMate_v1.0.0
2026-05-16 19:45:49,340 - INFO - SHA256: bd9a4fd2764c2579821fcf9fc6d50f07669194bc157c858e60f92e0c81c6ca30
2026-05-16 19:45:49,340 - INFO - Build successful! Executable located at: dist/TravelMate_v1.0.0
2026-05-16 19:46:29,885 - INFO - Starting build for TravelMate_v1.0.0.exe (Target: windows, Mode: onefile)...
2026-05-16 19:46:29,921 - ERROR - Cannot build for Windows: Docker daemon is not running or Docker is not installed.
2026-05-16 19:46:29,921 - INFO - Falling back to local OS build for verification...
2026-05-16 19:46:29,921 - INFO - Starting build for TravelMate_v1.0.0 (Target: linux, Mode: onefile)...
2026-05-16 19:46:29,921 - INFO - Building for local OS (linux)...
2026-05-16 19:47:19,741 - INFO - Integrity check passed: dist/TravelMate_v1.0.0
2026-05-16 19:47:19,745 - INFO - SHA256: bf0fd177838a8750abcba8586e3ccd8cb23454214e170fd64d09b5e6701fb658
2026-05-16 19:47:19,745 - INFO - Build successful! Executable located at: dist/TravelMate_v1.0.0
2026-05-16 19:47:19,745 - INFO - Renamed dist/TravelMate_v1.0.0 to dist/TravelMate_v1.0.0.exe for Windows compatibility testing.
2026-05-16 19:54:05,244 - INFO - Starting build for TravelMate_v1.0.0.exe (Target: windows, Mode: onedir)...
2026-05-16 19:54:05,281 - ERROR - Cannot build for Windows: Docker daemon is not running or Docker is not installed.
2026-05-16 19:54:05,281 - INFO - Falling back to local OS build for verification...
2026-05-16 19:54:05,281 - INFO - Starting build for TravelMate_v1.0.0 (Target: linux, Mode: onedir)...
2026-05-16 19:54:05,281 - INFO - Building for local OS (linux)...
2026-05-16 19:54:42,484 - INFO - Build successful! App directory located in: dist/TravelMate_v1.0.0
2026-05-16 19:55:43,553 - ERROR - Cannot build for Windows: Docker daemon is not running or Docker is not installed.
2026-05-16 19:55:43,561 - INFO - Falling back to local OS build for verification...
2026-05-16 19:55:43,561 - INFO - Starting build for TravelMate_v1.0.0 (Target: linux, Mode: onefile)...
2026-05-16 19:55:43,561 - INFO - Building for local OS (linux)...
2026-05-16 19:56:33,708 - INFO - Integrity check passed: dist/TravelMate_v1.0.0
2026-05-16 19:56:33,708 - INFO - SHA256: 1cd02cbed74e334508327ec3b8cb12075c0f98c26ee14b1828a4dd511b1c2e82
2026-05-16 19:56:33,708 - INFO - Build successful! Executable located at: dist/TravelMate_v1.0.0
2026-05-16 20:34:20,888 - INFO - Starting build for TravelMate_v1.0.0.exe (Target: windows, Mode: onefile)...
2026-05-16 20:34:20,889 - INFO - Building for Windows on Windows host...
2026-05-16 20:34:20,889 - INFO - Using spec file: TravelMate_v1.0.0.spec
2026-05-16 20:37:49,499 - INFO - Starting build for TravelMate_v1.0.0.exe (Target: windows, Mode: onefile)...
2026-05-16 20:37:49,499 - INFO - Building for Windows on Windows host...
2026-05-16 20:37:49,499 - INFO - Using spec file: TravelMate_v1.0.0.spec
2026-05-16 20:38:34,063 - INFO - Starting build for TravelMate_v1.0.0.exe (Target: windows, Mode: onefile)...
2026-05-16 20:38:34,063 - INFO - Building for Windows on Windows host...
2026-05-16 20:38:34,063 - INFO - Using spec file: TravelMate_v1.0.0.spec
2026-05-16 20:39:06,280 - INFO - Integrity check passed: dist\TravelMate_v1.0.0.exe
2026-05-16 20:39:06,280 - INFO - SHA256: e84f562711298eb41e345c6c3d60502948625bc978b4998c6f073204fcd82e0c
2026-05-16 20:39:06,280 - INFO - Build successful! Executable located at: dist\TravelMate_v1.0.0.exe
2026-05-16 20:42:50,392 - INFO - Starting build for TravelMate_v1.0.0.exe (Target: windows, Mode: onefile)...
2026-05-16 20:42:50,393 - INFO - Building for Windows on Windows host...
2026-05-16 20:42:50,394 - INFO - Using spec file: TravelMate_v1.0.0.spec
2026-05-16 20:43:12,454 - INFO - Integrity check passed: dist\TravelMate_v1.0.0.exe
2026-05-16 20:43:12,455 - INFO - SHA256: 663c39f98c4fbc669b04f308465b76dcc08f859f90eb8919429f74ed27a0cd2a
2026-05-16 20:43:12,455 - INFO - Build successful! Executable located at: dist\TravelMate_v1.0.0.exe
2026-05-16 20:43:29,598 - INFO - Starting build for TravelMate_v1.0.0.exe (Target: windows, Mode: onefile)...
2026-05-16 20:43:29,599 - INFO - Building for Windows on Windows host...
2026-05-16 20:43:29,599 - INFO - Using spec file: TravelMate_v1.0.0.spec
2026-05-16 20:43:49,514 - INFO - Integrity check passed: dist\TravelMate_v1.0.0.exe
2026-05-16 20:43:49,515 - INFO - SHA256: 5c8d2aa835187590348f6d5af812e7f7388617a92e35dd205e30a292f1a7e778
2026-05-16 20:43:49,515 - INFO - Build successful! Executable located at: dist\TravelMate_v1.0.0.exe
2026-05-16 20:46:34,534 - INFO - Starting build for TravelMate_v1.0.0.exe (Target: windows, Mode: onefile)...
2026-05-16 20:46:34,534 - INFO - Building for Windows on Windows host...
2026-05-16 20:46:34,534 - INFO - Using spec file: TravelMate_v1.0.0.spec
2026-05-16 20:47:16,455 - INFO - Integrity check passed: dist\TravelMate_v1.0.0.exe
2026-05-16 20:47:16,455 - INFO - SHA256: 79fba4a113e6694e88d00b396adedc1ea83bf0fd43dbe31974bd46ec9bf42cca
2026-05-16 20:47:16,456 - INFO - Build successful! Executable located at: dist\TravelMate_v1.0.0.exe
2026-05-16 20:49:53,625 - INFO - Starting build for TravelMate_v1.0.0.exe (Target: windows, Mode: onefile)...
2026-05-16 20:49:53,627 - INFO - Building for Windows on Windows host...
2026-05-16 20:49:53,628 - INFO - Using spec file: TravelMate_v1.0.0.spec
2026-05-16 20:50:32,850 - ERROR - Build failed: Command '['C:\\Users\\ab\\AppData\\Local\\Python\\pythoncore-3.14-64\\python.exe', '-m', 'PyInstaller', '--clean', 'TravelMate_v1.0.0.spec']' returned non-zero exit status 1.
2026-05-16 20:53:28,497 - INFO - Starting build for TravelMate_v1.0.0.exe (Target: windows, Mode: onefile)...
2026-05-16 20:53:28,497 - INFO - Building for Windows on Windows host...
2026-05-16 20:53:28,497 - INFO - Using spec file: TravelMate_v1.0.0.spec
2026-05-16 20:54:04,748 - ERROR - Build failed: Command '['C:\\Users\\ab\\AppData\\Local\\Python\\pythoncore-3.14-64\\python.exe', '-m', 'PyInstaller', '--clean', 'TravelMate_v1.0.0.spec']' returned non-zero exit status 1.
2026-05-16 20:56:16,240 - INFO - Starting build for TravelMate_v1.0.0.exe (Target: windows, Mode: onefile)...
2026-05-16 20:56:16,240 - INFO - Building for Windows on Windows host...
2026-05-16 20:56:16,240 - INFO - Using spec file: TravelMate_v1.0.0.spec
2026-05-16 20:56:52,604 - INFO - Integrity check passed: dist\TravelMate_v1.0.0.exe
2026-05-16 20:56:52,604 - INFO - SHA256: b0ce62f5e7ca2692a3d768416d3a6daa2cb3342d381fefd6081654eb2089fde7
2026-05-16 20:56:52,604 - INFO - Build successful! Executable located at: dist\TravelMate_v1.0.0.exe
2026-05-16 21:00:36,461 - INFO - Starting build for TravelMate_v1.0.0.exe (Target: windows, Mode: onefile)...
2026-05-16 21:00:36,461 - INFO - Building for Windows on Windows host...
2026-05-16 21:00:36,462 - INFO - Using spec file: TravelMate_v1.0.0.spec
2026-05-16 21:01:11,949 - ERROR - Build failed: Command '['C:\\Users\\ab\\AppData\\Local\\Python\\pythoncore-3.14-64\\python.exe', '-m', 'PyInstaller', '--clean', 'TravelMate_v1.0.0.spec']' returned non-zero exit status 1.
2026-05-16 21:03:37,467 - INFO - Starting build for TravelMate_v1.0.0.exe (Target: windows, Mode: onefile)...
2026-05-16 21:03:37,467 - INFO - Building for Windows on Windows host...
2026-05-16 21:03:37,467 - INFO - Using spec file: TravelMate_v1.0.0.spec
2026-05-16 21:04:10,083 - INFO - Integrity check passed: dist\TravelMate_v1.0.0.exe
2026-05-16 21:04:10,083 - INFO - SHA256: 83865718b02bcbcaacb872aa9ae231f0c4622ca366cc39a2ddc2d2fbd2e178b8
2026-05-16 21:04:10,083 - INFO - Build successful! Executable located at: dist\TravelMate_v1.0.0.exe
2026-05-16 21:12:50,398 - INFO - Starting build for TravelMate_v1.0.0.exe (Target: windows, Mode: onefile)...
2026-05-16 21:12:50,399 - INFO - Building for Windows on Windows host...
2026-05-16 21:12:50,399 - INFO - Using spec file: TravelMate_v1.0.0.spec
2026-05-16 21:13:24,087 - INFO - Integrity check passed: dist\TravelMate_v1.0.0.exe
2026-05-16 21:13:24,087 - INFO - SHA256: d4d262cab26402ca9b69b3e7e5df08e084382dfdf8a44d08c7f51d120773f394
2026-05-16 21:13:24,087 - INFO - Build successful! Executable located at: dist\TravelMate_v1.0.0.exe
2026-05-16 21:17:28,978 - INFO - Starting build for TravelMate_v1.0.0.exe (Target: windows, Mode: onefile)...
2026-05-16 21:17:28,979 - INFO - Building for Windows on Windows host...
2026-05-16 21:17:28,979 - INFO - Using spec file: TravelMate_v1.0.0.spec
2026-05-16 21:18:05,865 - INFO - Integrity check passed: dist\TravelMate_v1.0.0.exe
2026-05-16 21:18:05,865 - INFO - SHA256: a811a94f77461af31ec0702d96bad844ad5c0c375b269ffd90be9dee79225a2b
2026-05-16 21:18:05,865 - INFO - Build successful! Executable located at: dist\TravelMate_v1.0.0.exe
2026-05-16 21:18:12,196 - INFO - Starting build for TravelMate_v1.0.0.exe (Target: windows, Mode: onefile)...
2026-05-16 21:18:12,196 - INFO - Building for Windows on Windows host...
2026-05-16 21:18:12,197 - INFO - Using spec file: TravelMate_v1.0.0.spec
2026-05-16 21:18:47,426 - INFO - Integrity check passed: dist\TravelMate_v1.0.0.exe
2026-05-16 21:18:47,427 - INFO - SHA256: beda13604e6f8f1d7f34551d8668e46e39d3686a21abbb302fa8bfd33b365957
2026-05-16 21:18:47,429 - INFO - Build successful! Executable located at: dist\TravelMate_v1.0.0.exe
2026-05-16 21:24:14,226 - INFO - Starting build for TravelMate_v1.0.0.exe (Target: windows, Mode: onefile)...
2026-05-16 21:24:14,226 - INFO - Building for Windows on Windows host...
2026-05-16 21:24:14,227 - INFO - Using spec file: TravelMate_v1.0.0.spec
2026-05-16 21:24:48,075 - INFO - Integrity check passed: dist\TravelMate_v1.0.0.exe
2026-05-16 21:24:48,075 - INFO - SHA256: 62f01b0fdb3a088eb91d76a089be9e61c702f808d997f0a51ce01b81bb8bf0df
2026-05-16 21:24:48,076 - INFO - Build successful! Executable located at: dist\TravelMate_v1.0.0.exe
2026-05-16 21:38:39,868 - ERROR - Cannot build for Windows: Docker daemon is not running or Docker is not installed.
2026-05-16 21:38:39,871 - INFO - Falling back to local OS build for verification...
2026-05-16 21:38:39,871 - INFO - Starting build for TravelMate_v1.0.0 (Target: linux, Mode: onefile)...
2026-05-16 21:38:39,871 - INFO - Generating seed database...
2026-05-16 21:38:39,964 - INFO - Seed database generated successfully.
2026-05-16 21:38:39,964 - INFO - Building for local OS (linux)...
2026-05-16 21:39:33,263 - ERROR - Cannot build for Windows: Docker daemon is not running or Docker is not installed.
2026-05-16 21:39:33,263 - INFO - Falling back to local OS build for verification...
2026-05-16 21:39:33,263 - INFO - Starting build for TravelMate_v1.0.0 (Target: linux, Mode: onefile)...
2026-05-16 21:39:33,264 - INFO - Generating seed database...
2026-05-16 21:39:33,339 - INFO - Seed database generated successfully.
2026-05-16 21:39:33,339 - INFO - Building for local OS (linux)...
2026-05-16 21:41:01,555 - INFO - Integrity check passed: dist/TravelMate_v1.0.0
2026-05-16 21:41:01,557 - INFO - SHA256: 6ce675640c1261fd51bae9571d70d162ac8c241fabe354b9aa002c32732504bd
2026-05-16 21:41:01,557 - INFO - Build successful! Executable located at: dist/TravelMate_v1.0.0
2026-05-16 21:49:08,790 - INFO - Starting build for TravelMate_v1.0.0.exe (Target: windows, Mode: onefile)...
2026-05-16 21:49:08,791 - INFO - Generating seed database...
2026-05-16 21:49:08,826 - INFO - Seed database generated successfully.
2026-05-16 21:49:09,388 - ERROR - Docker required for Windows cross-compilation from Linux.
2026-05-16 21:49:48,295 - INFO - Starting build for TravelMate_v1.0.0.exe (Target: windows, Mode: onefile)...
2026-05-16 21:49:48,295 - INFO - Generating seed database...
2026-05-16 21:49:48,679 - INFO - Seed database generated successfully.
2026-05-16 21:49:49,061 - ERROR - Docker required for Windows cross-compilation from Linux.
2026-05-16 21:51:48,475 - WARNING - Docker is not available for Windows cross-compilation.
2026-05-16 21:51:48,478 - INFO - Falling back to local OS build (linux) for development...
2026-05-16 21:51:48,478 - INFO - Starting build for TravelMate_v1.0.0 (Target: linux, Mode: onefile)...
2026-05-16 21:51:48,478 - INFO - Generating seed database...
2026-05-16 21:51:48,560 - INFO - Seed database generated successfully.
2026-05-16 21:51:48,560 - INFO - Building for local OS (linux)...
